<?xml version="1.0" encoding="UTF-8"?>
<beans xmlns="http://www.springframework.org/schema/beans"
    xmlns:xsi="http://www.w3.org/2001/XMLSchema-instance" xmlns:context="http://www.springframework.org/schema/context"
    xsi:schemaLocation="
        http://www.springframework.org/schema/beans http://www.springframework.org/schema/beans/spring-beans-3.2.xsd
        http://www.springframework.org/schema/context http://www.springframework.org/schema/context/spring-context-3.2.xsd"
    default-lazy-init="true">
    
    <description>Spring示例配置</description>
    <!-- 可以使用%activator.root.dir%变量作为相对路径 -->
    
    <!-- <bean id="placeholderConfigurer123" class="org.springframework.beans.factory.config.PropertyPlaceholderConfigurer">
    	<property name="location" value="%activator.root.dir%/mods/pros/message1.properties"></property>
    </bean> -->
     <context:property-placeholder location="%activator.root.dir%/mods/pros/message1.properties" />  

	<bean id="testBean" class="foo.App">
		<property name="name" value="${test.name}"></property>
	</bean>
	
	<!-- 注意：使用ResourceBundleMessageSource从classpath加载，无法加载到文件 -->
    <bean id="messageSource" class="org.springframework.context.support.ReloadableResourceBundleMessageSource">
        <property name="basename" value="file:%activator.root.dir%/mods/pros/lang/messages2" />
    </bean>
</beans>